2025-11-17 22:27:53,390 - Sample-Pipeline - INFO - Stage 'data_ingest' completed successfully (task 1)
2025-11-17 22:27:53,491 - Sample-Pipeline - WARNING - Stage 'feature_extraction' finished with a warning (task 2) - processing slower than expected
2025-11-17 22:27:53,591 - Sample-Pipeline - INFO - Stage 'data_ingest' completed successfully (task 3)
2025-11-17 22:27:53,691 - Sample-Pipeline - ERROR - Stage 'result_packaging' failed (task 4) - operation timeout or processing error
2025-11-17 22:27:53,792 - Sample-Pipeline - INFO - Stage 'feature_extraction' completed successfully (task 5)
2025-11-17 22:27:53,892 - Sample-Pipeline - INFO - Stage 'model_inference' completed successfully (task 6)
2025-11-17 22:27:53,993 - Sample-Pipeline - INFO - Stage 'model_inference' completed successfully (task 7)
2025-11-17 22:27:54,093 - Sample-Pipeline - WARNING - Stage 'data_ingest' finished with a warning (task 8) - processing slower than expected
2025-11-17 22:27:54,193 - Sample-Pipeline - INFO - Stage 'result_packaging' completed successfully (task 9)
2025-11-17 22:27:54,294 - Sample-Pipeline - INFO - Stage 'feature_extraction' completed successfully (task 10)
2025-11-17 22:27:54,394 - Sample-Pipeline - INFO - Stage 'result_packaging' completed successfully (task 11)
2025-11-17 22:27:54,495 - Sample-Pipeline - ERROR - Stage 'result_packaging' failed (task 12) - operation timeout or processing error
2025-11-17 22:27:54,595 - Sample-Pipeline - INFO - Stage 'transcription' completed successfully (task 13)
2025-11-17 22:27:54,696 - Sample-Pipeline - INFO - Stage 'transcription' completed successfully (task 14)
2025-11-17 22:27:54,796 - Sample-Pipeline - WARNING - Stage 'transcription' finished with a warning (task 15) - processing slower than expected
2025-11-17 22:27:54,897 - Sample-Pipeline - INFO - Stage 'model_inference' completed successfully (task 16)
2025-11-17 22:27:54,997 - Sample-Pipeline - INFO - Stage 'data_ingest' completed successfully (task 17)
2025-11-17 22:27:55,098 - Sample-Pipeline - INFO - Stage 'model_inference' completed successfully (task 18)
2025-11-17 22:27:55,198 - Sample-Pipeline - INFO - Stage 'result_packaging' completed successfully (task 19)
2025-11-17 22:27:55,299 - Sample-Pipeline - INFO - Stage 'data_ingest' completed successfully (task 20)
2025-11-17 22:27:55,399 - Sample-Pipeline - ERROR - Stage 'result_packaging' failed (task 21) - operation timeout or processing error
2025-11-17 22:27:55,500 - Sample-Pipeline - INFO - Stage 'data_ingest' completed successfully (task 22)
2025-11-17 22:27:55,600 - Sample-Pipeline - INFO - Stage 'result_packaging' completed successfully (task 23)
2025-11-17 22:27:55,701 - Sample-Pipeline - INFO - Stage 'feature_extraction' completed successfully (task 24)
2025-11-17 22:27:55,801 - Sample-Pipeline - ERROR - Stage 'transcription' failed (task 25) - operation timeout or processing error
2025-11-17 22:27:55,902 - Sample-Pipeline - INFO - Stage 'result_packaging' completed successfully (task 26)
2025-11-17 22:27:56,002 - Sample-Pipeline - INFO - Stage 'result_packaging' completed successfully (task 27)
2025-11-17 22:27:56,103 - Sample-Pipeline - WARNING - Stage 'result_packaging' finished with a warning (task 28) - processing slower than expected
2025-11-17 22:27:56,203 - Sample-Pipeline - INFO - Stage 'result_packaging' completed successfully (task 29)
2025-11-17 22:27:56,304 - Sample-Pipeline - INFO - Stage 'transcription' completed successfully (task 30)
2025-11-17 22:27:56,405 - Sample-Pipeline - INFO - Stage 'model_inference' completed successfully (task 31)
2025-11-17 22:27:56,505 - Sample-Pipeline - INFO - Stage 'result_packaging' completed successfully (task 32)
2025-11-17 22:27:56,606 - Sample-Pipeline - INFO - Stage 'transcription' completed successfully (task 33)
2025-11-17 22:27:56,706 - Sample-Pipeline - INFO - Stage 'feature_extraction' completed successfully (task 34)
2025-11-17 22:27:56,807 - Sample-Pipeline - WARNING - Stage 'model_inference' finished with a warning (task 35) - processing slower than expected
2025-11-17 22:27:56,908 - Sample-Pipeline - INFO - Stage 'data_ingest' completed successfully (task 36)
2025-11-17 22:27:57,008 - Sample-Pipeline - WARNING - Stage 'model_inference' finished with a warning (task 37) - processing slower than expected
2025-11-17 22:27:57,109 - Sample-Pipeline - INFO - Stage 'data_ingest' completed successfully (task 38)
2025-11-17 22:27:57,209 - Sample-Pipeline - ERROR - Stage 'transcription' failed (task 39) - operation timeout or processing error
2025-11-17 22:27:57,310 - Sample-Pipeline - INFO - Stage 'result_packaging' completed successfully (task 40)
2025-11-17 22:27:57,410 - Sample-Pipeline - INFO - Stage 'transcription' completed successfully (task 41)
2025-11-17 22:27:57,511 - Sample-Pipeline - INFO - Stage 'transcription' completed successfully (task 42)
2025-11-17 22:27:57,611 - Sample-Pipeline - INFO - Stage 'model_inference' completed successfully (task 43)
2025-11-17 22:27:57,712 - Sample-Pipeline - INFO - Stage 'data_ingest' completed successfully (task 44)
2025-11-17 22:27:57,813 - Sample-Pipeline - INFO - Stage 'transcription' completed successfully (task 45)
2025-11-17 22:27:57,913 - Sample-Pipeline - INFO - Stage 'transcription' completed successfully (task 46)
2025-11-17 22:27:58,014 - Sample-Pipeline - WARNING - Stage 'model_inference' finished with a warning (task 47) - processing slower than expected
2025-11-17 22:27:58,114 - Sample-Pipeline - INFO - Stage 'data_ingest' completed successfully (task 48)
2025-11-17 22:27:58,215 - Sample-Pipeline - INFO - Stage 'result_packaging' completed successfully (task 49)
2025-11-17 22:27:58,316 - Sample-Pipeline - INFO - Stage 'model_inference' completed successfully (task 50)
2025-11-17 22:59:52,850 - Sample-Pipeline - INFO - Stage 'model_inference' completed successfully (task 1)
2025-11-17 22:59:52,951 - Sample-Pipeline - INFO - Stage 'feature_extraction' completed successfully (task 2)
2025-11-17 22:59:53,051 - Sample-Pipeline - INFO - Stage 'result_packaging' completed successfully (task 3)
2025-11-17 22:59:53,152 - Sample-Pipeline - INFO - Stage 'transcription' completed successfully (task 4)
2025-11-17 22:59:53,252 - Sample-Pipeline - INFO - Stage 'model_inference' completed successfully (task 5)
2025-11-17 22:59:53,353 - Sample-Pipeline - ERROR - Stage 'data_ingest' failed (task 6) - operation timeout or processing error
2025-11-17 22:59:53,453 - Sample-Pipeline - INFO - Stage 'data_ingest' completed successfully (task 7)
2025-11-17 22:59:53,554 - Sample-Pipeline - INFO - Stage 'transcription' completed successfully (task 8)
2025-11-17 22:59:53,654 - Sample-Pipeline - INFO - Stage 'result_packaging' completed successfully (task 9)
2025-11-17 22:59:53,754 - Sample-Pipeline - INFO - Stage 'result_packaging' completed successfully (task 10)
2025-11-17 22:59:53,855 - Sample-Pipeline - WARNING - Stage 'model_inference' finished with a warning (task 11) - processing slower than expected
2025-11-17 22:59:53,955 - Sample-Pipeline - INFO - Stage 'data_ingest' completed successfully (task 12)
2025-11-17 22:59:54,056 - Sample-Pipeline - WARNING - Stage 'data_ingest' finished with a warning (task 13) - processing slower than expected
2025-11-17 22:59:54,156 - Sample-Pipeline - WARNING - Stage 'transcription' finished with a warning (task 14) - processing slower than expected
2025-11-17 22:59:54,257 - Sample-Pipeline - WARNING - Stage 'data_ingest' finished with a warning (task 15) - processing slower than expected
2025-11-17 22:59:54,357 - Sample-Pipeline - INFO - Stage 'model_inference' completed successfully (task 16)
2025-11-17 22:59:54,458 - Sample-Pipeline - INFO - Stage 'data_ingest' completed successfully (task 17)
2025-11-17 22:59:54,558 - Sample-Pipeline - INFO - Stage 'data_ingest' completed successfully (task 18)
2025-11-17 22:59:54,659 - Sample-Pipeline - WARNING - Stage 'result_packaging' finished with a warning (task 19) - processing slower than expected
2025-11-17 22:59:54,759 - Sample-Pipeline - WARNING - Stage 'transcription' finished with a warning (task 20) - processing slower than expected
2025-11-17 22:59:54,860 - Sample-Pipeline - INFO - Stage 'data_ingest' completed successfully (task 21)
2025-11-17 22:59:54,960 - Sample-Pipeline - WARNING - Stage 'transcription' finished with a warning (task 22) - processing slower than expected
2025-11-17 22:59:55,060 - Sample-Pipeline - INFO - Stage 'feature_extraction' completed successfully (task 23)
2025-11-17 22:59:55,161 - Sample-Pipeline - INFO - Stage 'feature_extraction' completed successfully (task 24)
2025-11-17 22:59:55,261 - Sample-Pipeline - INFO - Stage 'feature_extraction' completed successfully (task 25)
2025-11-17 22:59:55,362 - Sample-Pipeline - INFO - Stage 'model_inference' completed successfully (task 26)
2025-11-17 22:59:55,463 - Sample-Pipeline - INFO - Stage 'data_ingest' completed successfully (task 27)
2025-11-17 22:59:55,563 - Sample-Pipeline - INFO - Stage 'transcription' completed successfully (task 28)
2025-11-17 22:59:55,664 - Sample-Pipeline - INFO - Stage 'model_inference' completed successfully (task 29)
2025-11-17 22:59:55,764 - Sample-Pipeline - WARNING - Stage 'data_ingest' finished with a warning (task 30) - processing slower than expected
2025-11-17 22:59:55,865 - Sample-Pipeline - INFO - Stage 'model_inference' completed successfully (task 31)
2025-11-17 22:59:55,965 - Sample-Pipeline - INFO - Stage 'model_inference' completed successfully (task 32)
2025-11-17 22:59:56,066 - Sample-Pipeline - ERROR - Stage 'feature_extraction' failed (task 33) - operation timeout or processing error
2025-11-17 22:59:56,166 - Sample-Pipeline - WARNING - Stage 'feature_extraction' finished with a warning (task 34) - processing slower than expected
2025-11-17 22:59:56,267 - Sample-Pipeline - INFO - Stage 'model_inference' completed successfully (task 35)
2025-11-17 22:59:56,368 - Sample-Pipeline - WARNING - Stage 'model_inference' finished with a warning (task 36) - processing slower than expected
2025-11-17 22:59:56,468 - Sample-Pipeline - INFO - Stage 'data_ingest' completed successfully (task 37)
2025-11-17 22:59:56,569 - Sample-Pipeline - INFO - Stage 'transcription' completed successfully (task 38)
2025-11-17 22:59:56,669 - Sample-Pipeline - INFO - Stage 'feature_extraction' completed successfully (task 39)
2025-11-17 22:59:56,770 - Sample-Pipeline - ERROR - Stage 'result_packaging' failed (task 40) - operation timeout or processing error
2025-11-17 22:59:56,870 - Sample-Pipeline - INFO - Stage 'data_ingest' completed successfully (task 41)
2025-11-17 22:59:56,971 - Sample-Pipeline - INFO - Stage 'data_ingest' completed successfully (task 42)
2025-11-17 22:59:57,071 - Sample-Pipeline - INFO - Stage 'result_packaging' completed successfully (task 43)
2025-11-17 22:59:57,172 - Sample-Pipeline - WARNING - Stage 'data_ingest' finished with a warning (task 44) - processing slower than expected
2025-11-17 22:59:57,272 - Sample-Pipeline - WARNING - Stage 'feature_extraction' finished with a warning (task 45) - processing slower than expected
2025-11-17 22:59:57,372 - Sample-Pipeline - INFO - Stage 'data_ingest' completed successfully (task 46)
2025-11-17 22:59:57,473 - Sample-Pipeline - INFO - Stage 'transcription' completed successfully (task 47)
2025-11-17 22:59:57,574 - Sample-Pipeline - INFO - Stage 'feature_extraction' completed successfully (task 48)
2025-11-17 22:59:57,674 - Sample-Pipeline - INFO - Stage 'result_packaging' completed successfully (task 49)
2025-11-17 22:59:57,774 - Sample-Pipeline - INFO - Stage 'model_inference' completed successfully (task 50)
